ERROR - 2024-06-19 04:42:09 --> mysqli_sql_exception: Table 'agp.sekolah' doesn't exist in C:\xampp\new XAMPP\htdocs\sig\system\Database\MySQLi\Connection.php:306
Stack trace:
#0 C:\xampp\new XAMPP\htdocs\sig\system\Database\MySQLi\Connection.php(306): mysqli->query('SELECT *\nFROM `...', 0)
#1 C:\xampp\new XAMPP\htdocs\sig\system\Database\BaseConnection.php(693): CodeIgniter\Database\MySQLi\Connection->execute('SELECT *\nFROM `...')
#2 C:\xampp\new XAMPP\htdocs\sig\system\Database\BaseConnection.php(607): CodeIgniter\Database\BaseConnection->simpleQuery('SELECT *\nFROM `...')
#3 C:\xampp\new XAMPP\htdocs\sig\system\Database\BaseBuilder.php(1616): CodeIgniter\Database\BaseConnection->query('SELECT *\nFROM `...', Array, false)
#4 C:\xampp\new XAMPP\htdocs\sig\system\Model.php(242): CodeIgniter\Database\BaseBuilder->get()
#5 C:\xampp\new XAMPP\htdocs\sig\system\BaseModel.php(638): CodeIgniter\Model->doFindAll(0, 0)
#6 C:\xampp\new XAMPP\htdocs\sig\app\Controllers\Sekolah.php(13): CodeIgniter\BaseModel->findAll()
#7 C:\xampp\new XAMPP\htdocs\sig\app\Controllers\Sekolah.php(7): App\Controllers\Sekolah->tampil()
#8 C:\xampp\new XAMPP\htdocs\sig\system\CodeIgniter.php(941): App\Controllers\Sekolah->index()
#9 C:\xampp\new XAMPP\htdocs\sig\system\CodeIgniter.php(502): CodeIgniter\CodeIgniter->runController(Object(App\Controllers\Sekolah))
#10 C:\xampp\new XAMPP\htdocs\sig\system\CodeIgniter.php(361): CodeIgniter\CodeIgniter->handleRequest(NULL, Object(Config\Cache), false)
#11 C:\xampp\new XAMPP\htdocs\sig\index.php(79): CodeIgniter\CodeIgniter->run()
#12 {main}
CRITICAL - 2024-06-19 04:42:09 --> CodeIgniter\Database\Exceptions\DatabaseException: Table 'agp.sekolah' doesn't exist
in SYSTEMPATH\Database\BaseConnection.php on line 647.
 1 SYSTEMPATH\Database\BaseBuilder.php(1616): CodeIgniter\Database\BaseConnection->query('SELECT *
FROM `sekolah`
JOIN `kecamatan` ON `kecamatan`.`kode_kecamatan` =
`sekolah`.`kode_kecamatan`', [], false)
 2 SYSTEMPATH\Model.php(242): CodeIgniter\Database\BaseBuilder->get()
 3 SYSTEMPATH\BaseModel.php(638): CodeIgniter\Model->doFindAll(0, 0)
 4 APPPATH\Controllers\Sekolah.php(13): CodeIgniter\BaseModel->findAll()
 5 APPPATH\Controllers\Sekolah.php(7): App\Controllers\Sekolah->tampil()
 6 SYSTEMPATH\CodeIgniter.php(941): App\Controllers\Sekolah->index()
 7 SYSTEMPATH\CodeIgniter.php(502): CodeIgniter\CodeIgniter->runController(Object(App\Controllers\Sekolah))
 8 SYSTEMPATH\CodeIgniter.php(361): CodeIgniter\CodeIgniter->handleRequest(null, Object(Config\Cache), false)
 9 FCPATH\index.php(79): CodeIgniter\CodeIgniter->run()
CRITICAL - 2024-06-19 04:42:09 --> [Caused by] CodeIgniter\Database\Exceptions\DatabaseException: Table 'agp.sekolah' doesn't exist
in SYSTEMPATH\Database\MySQLi\Connection.php on line 311.
 1 SYSTEMPATH\Database\BaseConnection.php(693): CodeIgniter\Database\MySQLi\Connection->execute('SELECT *
FROM `sekolah`
JOIN `kecamatan` ON `kecamatan`.`kode_kecamatan` =
`sekolah`.`kode_kecamatan`')
 2 SYSTEMPATH\Database\BaseConnection.php(607): CodeIgniter\Database\BaseConnection->simpleQuery('SELECT *
FROM `sekolah`
JOIN `kecamatan` ON `kecamatan`.`kode_kecamatan` =
`sekolah`.`kode_kecamatan`')
 3 SYSTEMPATH\Database\BaseBuilder.php(1616): CodeIgniter\Database\BaseConnection->query('SELECT *
FROM `sekolah`
JOIN `kecamatan` ON `kecamatan`.`kode_kecamatan` =
`sekolah`.`kode_kecamatan`', [], false)
 4 SYSTEMPATH\Model.php(242): CodeIgniter\Database\BaseBuilder->get()
 5 SYSTEMPATH\BaseModel.php(638): CodeIgniter\Model->doFindAll(0, 0)
 6 APPPATH\Controllers\Sekolah.php(13): CodeIgniter\BaseModel->findAll()
 7 APPPATH\Controllers\Sekolah.php(7): App\Controllers\Sekolah->tampil()
 8 SYSTEMPATH\CodeIgniter.php(941): App\Controllers\Sekolah->index()
 9 SYSTEMPATH\CodeIgniter.php(502): CodeIgniter\CodeIgniter->runController(Object(App\Controllers\Sekolah))
10 SYSTEMPATH\CodeIgniter.php(361): CodeIgniter\CodeIgniter->handleRequest(null, Object(Config\Cache), false)
11 FCPATH\index.php(79): CodeIgniter\CodeIgniter->run()
CRITICAL - 2024-06-19 04:42:09 --> [Caused by] mysqli_sql_exception: Table 'agp.sekolah' doesn't exist
in SYSTEMPATH\Database\MySQLi\Connection.php on line 306.
 1 SYSTEMPATH\Database\MySQLi\Connection.php(306): mysqli->query('SELECT *
FROM `sekolah`
JOIN `kecamatan` ON `kecamatan`.`kode_kecamatan` =
`sekolah`.`kode_kecamatan`', 0)
 2 SYSTEMPATH\Database\BaseConnection.php(693): CodeIgniter\Database\MySQLi\Connection->execute('SELECT *
FROM `sekolah`
JOIN `kecamatan` ON `kecamatan`.`kode_kecamatan` =
`sekolah`.`kode_kecamatan`')
 3 SYSTEMPATH\Database\BaseConnection.php(607): CodeIgniter\Database\BaseConnection->simpleQuery('SELECT *
FROM `sekolah`
JOIN `kecamatan` ON `kecamatan`.`kode_kecamatan` =
`sekolah`.`kode_kecamatan`')
 4 SYSTEMPATH\Database\BaseBuilder.php(1616): CodeIgniter\Database\BaseConnection->query('SELECT *
FROM `sekolah`
JOIN `kecamatan` ON `kecamatan`.`kode_kecamatan` =
`sekolah`.`kode_kecamatan`', [], false)
 5 SYSTEMPATH\Model.php(242): CodeIgniter\Database\BaseBuilder->get()
 6 SYSTEMPATH\BaseModel.php(638): CodeIgniter\Model->doFindAll(0, 0)
 7 APPPATH\Controllers\Sekolah.php(13): CodeIgniter\BaseModel->findAll()
 8 APPPATH\Controllers\Sekolah.php(7): App\Controllers\Sekolah->tampil()
 9 SYSTEMPATH\CodeIgniter.php(941): App\Controllers\Sekolah->index()
10 SYSTEMPATH\CodeIgniter.php(502): CodeIgniter\CodeIgniter->runController(Object(App\Controllers\Sekolah))
11 SYSTEMPATH\CodeIgniter.php(361): CodeIgniter\CodeIgniter->handleRequest(null, Object(Config\Cache), false)
12 FCPATH\index.php(79): CodeIgniter\CodeIgniter->run()
