ERROR - 2024-06-20 15:14:32 --> mysqli_sql_exception: Duplicate entry '3301030' for key 'PRIMARY' in C:\xampp\new XAMPP\htdocs\sig\system\Database\MySQLi\Connection.php:306
Stack trace:
#0 C:\xampp\new XAMPP\htdocs\sig\system\Database\MySQLi\Connection.php(306): mysqli->query('INSERT INTO `ke...', 0)
#1 C:\xampp\new XAMPP\htdocs\sig\system\Database\BaseConnection.php(693): CodeIgniter\Database\MySQLi\Connection->execute('INSERT INTO `ke...')
#2 C:\xampp\new XAMPP\htdocs\sig\system\Database\BaseConnection.php(607): CodeIgniter\Database\BaseConnection->simpleQuery('INSERT INTO `ke...')
#3 C:\xampp\new XAMPP\htdocs\sig\system\Database\BaseBuilder.php(2307): CodeIgniter\Database\BaseConnection->query('INSERT INTO `ke...', Array, false)
#4 C:\xampp\new XAMPP\htdocs\sig\system\Model.php(326): CodeIgniter\Database\BaseBuilder->insert()
#5 C:\xampp\new XAMPP\htdocs\sig\system\BaseModel.php(802): CodeIgniter\Model->doInsert(Array)
#6 C:\xampp\new XAMPP\htdocs\sig\system\Model.php(744): CodeIgniter\BaseModel->insert(Array, true)
#7 C:\xampp\new XAMPP\htdocs\sig\app\Controllers\Kecamatan.php(63): CodeIgniter\Model->insert(Array)
#8 C:\xampp\new XAMPP\htdocs\sig\system\CodeIgniter.php(941): App\Controllers\Kecamatan->simpan()
#9 C:\xampp\new XAMPP\htdocs\sig\system\CodeIgniter.php(502): CodeIgniter\CodeIgniter->runController(Object(App\Controllers\Kecamatan))
#10 C:\xampp\new XAMPP\htdocs\sig\system\CodeIgniter.php(361): CodeIgniter\CodeIgniter->handleRequest(NULL, Object(Config\Cache), false)
#11 C:\xampp\new XAMPP\htdocs\sig\index.php(79): CodeIgniter\CodeIgniter->run()
#12 {main}
CRITICAL - 2024-06-20 15:14:32 --> CodeIgniter\Database\Exceptions\DatabaseException: Duplicate entry '3301030' for key 'PRIMARY'
in SYSTEMPATH\Database\BaseConnection.php on line 647.
 1 SYSTEMPATH\Database\BaseBuilder.php(2307): CodeIgniter\Database\BaseConnection->query('INSERT INTO `kecamatan` (`kode_kecamatan`, `id_kabupaten`, `nama_kecamatan`, `jumlah_penduduk`, `luas_wilayah`) VALUES (:kode_kecamatan:, :id_kabupaten:, :nama_kecamatan:, :jumlah_penduduk:, :luas_wilayah:)', [...], false)
 2 SYSTEMPATH\Model.php(326): CodeIgniter\Database\BaseBuilder->insert()
 3 SYSTEMPATH\BaseModel.php(802): CodeIgniter\Model->doInsert([...])
 4 SYSTEMPATH\Model.php(744): CodeIgniter\BaseModel->insert([...], true)
 5 APPPATH\Controllers\Kecamatan.php(63): CodeIgniter\Model->insert([...])
 6 SYSTEMPATH\CodeIgniter.php(941): App\Controllers\Kecamatan->simpan()
 7 SYSTEMPATH\CodeIgniter.php(502): CodeIgniter\CodeIgniter->runController(Object(App\Controllers\Kecamatan))
 8 SYSTEMPATH\CodeIgniter.php(361): CodeIgniter\CodeIgniter->handleRequest(null, Object(Config\Cache), false)
 9 FCPATH\index.php(79): CodeIgniter\CodeIgniter->run()
CRITICAL - 2024-06-20 15:14:32 --> [Caused by] CodeIgniter\Database\Exceptions\DatabaseException: Duplicate entry '3301030' for key 'PRIMARY'
in SYSTEMPATH\Database\MySQLi\Connection.php on line 311.
 1 SYSTEMPATH\Database\BaseConnection.php(693): CodeIgniter\Database\MySQLi\Connection->execute('INSERT INTO `kecamatan` (`kode_kecamatan`, `id_kabupaten`, `nama_kecamatan`, `jumlah_penduduk`, `luas_wilayah`) VALUES (\'3301030\', \'1\', \'Majenang\', \'143101\', \'168\')')
 2 SYSTEMPATH\Database\BaseConnection.php(607): CodeIgniter\Database\BaseConnection->simpleQuery('INSERT INTO `kecamatan` (`kode_kecamatan`, `id_kabupaten`, `nama_kecamatan`, `jumlah_penduduk`, `luas_wilayah`) VALUES (\'3301030\', \'1\', \'Majenang\', \'143101\', \'168\')')
 3 SYSTEMPATH\Database\BaseBuilder.php(2307): CodeIgniter\Database\BaseConnection->query('INSERT INTO `kecamatan` (`kode_kecamatan`, `id_kabupaten`, `nama_kecamatan`, `jumlah_penduduk`, `luas_wilayah`) VALUES (:kode_kecamatan:, :id_kabupaten:, :nama_kecamatan:, :jumlah_penduduk:, :luas_wilayah:)', [...], false)
 4 SYSTEMPATH\Model.php(326): CodeIgniter\Database\BaseBuilder->insert()
 5 SYSTEMPATH\BaseModel.php(802): CodeIgniter\Model->doInsert([...])
 6 SYSTEMPATH\Model.php(744): CodeIgniter\BaseModel->insert([...], true)
 7 APPPATH\Controllers\Kecamatan.php(63): CodeIgniter\Model->insert([...])
 8 SYSTEMPATH\CodeIgniter.php(941): App\Controllers\Kecamatan->simpan()
 9 SYSTEMPATH\CodeIgniter.php(502): CodeIgniter\CodeIgniter->runController(Object(App\Controllers\Kecamatan))
10 SYSTEMPATH\CodeIgniter.php(361): CodeIgniter\CodeIgniter->handleRequest(null, Object(Config\Cache), false)
11 FCPATH\index.php(79): CodeIgniter\CodeIgniter->run()
CRITICAL - 2024-06-20 15:14:32 --> [Caused by] mysqli_sql_exception: Duplicate entry '3301030' for key 'PRIMARY'
in SYSTEMPATH\Database\MySQLi\Connection.php on line 306.
 1 SYSTEMPATH\Database\MySQLi\Connection.php(306): mysqli->query('INSERT INTO `kecamatan` (`kode_kecamatan`, `id_kabupaten`, `nama_kecamatan`, `jumlah_penduduk`, `luas_wilayah`) VALUES (\'3301030\', \'1\', \'Majenang\', \'143101\', \'168\')', 0)
 2 SYSTEMPATH\Database\BaseConnection.php(693): CodeIgniter\Database\MySQLi\Connection->execute('INSERT INTO `kecamatan` (`kode_kecamatan`, `id_kabupaten`, `nama_kecamatan`, `jumlah_penduduk`, `luas_wilayah`) VALUES (\'3301030\', \'1\', \'Majenang\', \'143101\', \'168\')')
 3 SYSTEMPATH\Database\BaseConnection.php(607): CodeIgniter\Database\BaseConnection->simpleQuery('INSERT INTO `kecamatan` (`kode_kecamatan`, `id_kabupaten`, `nama_kecamatan`, `jumlah_penduduk`, `luas_wilayah`) VALUES (\'3301030\', \'1\', \'Majenang\', \'143101\', \'168\')')
 4 SYSTEMPATH\Database\BaseBuilder.php(2307): CodeIgniter\Database\BaseConnection->query('INSERT INTO `kecamatan` (`kode_kecamatan`, `id_kabupaten`, `nama_kecamatan`, `jumlah_penduduk`, `luas_wilayah`) VALUES (:kode_kecamatan:, :id_kabupaten:, :nama_kecamatan:, :jumlah_penduduk:, :luas_wilayah:)', [...], false)
 5 SYSTEMPATH\Model.php(326): CodeIgniter\Database\BaseBuilder->insert()
 6 SYSTEMPATH\BaseModel.php(802): CodeIgniter\Model->doInsert([...])
 7 SYSTEMPATH\Model.php(744): CodeIgniter\BaseModel->insert([...], true)
 8 APPPATH\Controllers\Kecamatan.php(63): CodeIgniter\Model->insert([...])
 9 SYSTEMPATH\CodeIgniter.php(941): App\Controllers\Kecamatan->simpan()
10 SYSTEMPATH\CodeIgniter.php(502): CodeIgniter\CodeIgniter->runController(Object(App\Controllers\Kecamatan))
11 SYSTEMPATH\CodeIgniter.php(361): CodeIgniter\CodeIgniter->handleRequest(null, Object(Config\Cache), false)
12 FCPATH\index.php(79): CodeIgniter\CodeIgniter->run()
ERROR - 2024-06-20 15:15:01 --> mysqli_sql_exception: Duplicate entry '3301030' for key 'PRIMARY' in C:\xampp\new XAMPP\htdocs\sig\system\Database\MySQLi\Connection.php:306
Stack trace:
#0 C:\xampp\new XAMPP\htdocs\sig\system\Database\MySQLi\Connection.php(306): mysqli->query('INSERT INTO `ke...', 0)
#1 C:\xampp\new XAMPP\htdocs\sig\system\Database\BaseConnection.php(693): CodeIgniter\Database\MySQLi\Connection->execute('INSERT INTO `ke...')
#2 C:\xampp\new XAMPP\htdocs\sig\system\Database\BaseConnection.php(607): CodeIgniter\Database\BaseConnection->simpleQuery('INSERT INTO `ke...')
#3 C:\xampp\new XAMPP\htdocs\sig\system\Database\BaseBuilder.php(2307): CodeIgniter\Database\BaseConnection->query('INSERT INTO `ke...', Array, false)
#4 C:\xampp\new XAMPP\htdocs\sig\system\Model.php(326): CodeIgniter\Database\BaseBuilder->insert()
#5 C:\xampp\new XAMPP\htdocs\sig\system\BaseModel.php(802): CodeIgniter\Model->doInsert(Array)
#6 C:\xampp\new XAMPP\htdocs\sig\system\Model.php(744): CodeIgniter\BaseModel->insert(Array, true)
#7 C:\xampp\new XAMPP\htdocs\sig\app\Controllers\Kecamatan.php(63): CodeIgniter\Model->insert(Array)
#8 C:\xampp\new XAMPP\htdocs\sig\system\CodeIgniter.php(941): App\Controllers\Kecamatan->simpan()
#9 C:\xampp\new XAMPP\htdocs\sig\system\CodeIgniter.php(502): CodeIgniter\CodeIgniter->runController(Object(App\Controllers\Kecamatan))
#10 C:\xampp\new XAMPP\htdocs\sig\system\CodeIgniter.php(361): CodeIgniter\CodeIgniter->handleRequest(NULL, Object(Config\Cache), false)
#11 C:\xampp\new XAMPP\htdocs\sig\index.php(79): CodeIgniter\CodeIgniter->run()
#12 {main}
CRITICAL - 2024-06-20 15:15:01 --> CodeIgniter\Database\Exceptions\DatabaseException: Duplicate entry '3301030' for key 'PRIMARY'
in SYSTEMPATH\Database\BaseConnection.php on line 647.
 1 SYSTEMPATH\Database\BaseBuilder.php(2307): CodeIgniter\Database\BaseConnection->query('INSERT INTO `kecamatan` (`kode_kecamatan`, `id_kabupaten`, `nama_kecamatan`, `jumlah_penduduk`, `luas_wilayah`) VALUES (:kode_kecamatan:, :id_kabupaten:, :nama_kecamatan:, :jumlah_penduduk:, :luas_wilayah:)', [...], false)
 2 SYSTEMPATH\Model.php(326): CodeIgniter\Database\BaseBuilder->insert()
 3 SYSTEMPATH\BaseModel.php(802): CodeIgniter\Model->doInsert([...])
 4 SYSTEMPATH\Model.php(744): CodeIgniter\BaseModel->insert([...], true)
 5 APPPATH\Controllers\Kecamatan.php(63): CodeIgniter\Model->insert([...])
 6 SYSTEMPATH\CodeIgniter.php(941): App\Controllers\Kecamatan->simpan()
 7 SYSTEMPATH\CodeIgniter.php(502): CodeIgniter\CodeIgniter->runController(Object(App\Controllers\Kecamatan))
 8 SYSTEMPATH\CodeIgniter.php(361): CodeIgniter\CodeIgniter->handleRequest(null, Object(Config\Cache), false)
 9 FCPATH\index.php(79): CodeIgniter\CodeIgniter->run()
CRITICAL - 2024-06-20 15:15:01 --> [Caused by] CodeIgniter\Database\Exceptions\DatabaseException: Duplicate entry '3301030' for key 'PRIMARY'
in SYSTEMPATH\Database\MySQLi\Connection.php on line 311.
 1 SYSTEMPATH\Database\BaseConnection.php(693): CodeIgniter\Database\MySQLi\Connection->execute('INSERT INTO `kecamatan` (`kode_kecamatan`, `id_kabupaten`, `nama_kecamatan`, `jumlah_penduduk`, `luas_wilayah`) VALUES (\'3301030\', \'1\', \'Majenang\', \'143101\', \'167\')')
 2 SYSTEMPATH\Database\BaseConnection.php(607): CodeIgniter\Database\BaseConnection->simpleQuery('INSERT INTO `kecamatan` (`kode_kecamatan`, `id_kabupaten`, `nama_kecamatan`, `jumlah_penduduk`, `luas_wilayah`) VALUES (\'3301030\', \'1\', \'Majenang\', \'143101\', \'167\')')
 3 SYSTEMPATH\Database\BaseBuilder.php(2307): CodeIgniter\Database\BaseConnection->query('INSERT INTO `kecamatan` (`kode_kecamatan`, `id_kabupaten`, `nama_kecamatan`, `jumlah_penduduk`, `luas_wilayah`) VALUES (:kode_kecamatan:, :id_kabupaten:, :nama_kecamatan:, :jumlah_penduduk:, :luas_wilayah:)', [...], false)
 4 SYSTEMPATH\Model.php(326): CodeIgniter\Database\BaseBuilder->insert()
 5 SYSTEMPATH\BaseModel.php(802): CodeIgniter\Model->doInsert([...])
 6 SYSTEMPATH\Model.php(744): CodeIgniter\BaseModel->insert([...], true)
 7 APPPATH\Controllers\Kecamatan.php(63): CodeIgniter\Model->insert([...])
 8 SYSTEMPATH\CodeIgniter.php(941): App\Controllers\Kecamatan->simpan()
 9 SYSTEMPATH\CodeIgniter.php(502): CodeIgniter\CodeIgniter->runController(Object(App\Controllers\Kecamatan))
10 SYSTEMPATH\CodeIgniter.php(361): CodeIgniter\CodeIgniter->handleRequest(null, Object(Config\Cache), false)
11 FCPATH\index.php(79): CodeIgniter\CodeIgniter->run()
CRITICAL - 2024-06-20 15:15:01 --> [Caused by] mysqli_sql_exception: Duplicate entry '3301030' for key 'PRIMARY'
in SYSTEMPATH\Database\MySQLi\Connection.php on line 306.
 1 SYSTEMPATH\Database\MySQLi\Connection.php(306): mysqli->query('INSERT INTO `kecamatan` (`kode_kecamatan`, `id_kabupaten`, `nama_kecamatan`, `jumlah_penduduk`, `luas_wilayah`) VALUES (\'3301030\', \'1\', \'Majenang\', \'143101\', \'167\')', 0)
 2 SYSTEMPATH\Database\BaseConnection.php(693): CodeIgniter\Database\MySQLi\Connection->execute('INSERT INTO `kecamatan` (`kode_kecamatan`, `id_kabupaten`, `nama_kecamatan`, `jumlah_penduduk`, `luas_wilayah`) VALUES (\'3301030\', \'1\', \'Majenang\', \'143101\', \'167\')')
 3 SYSTEMPATH\Database\BaseConnection.php(607): CodeIgniter\Database\BaseConnection->simpleQuery('INSERT INTO `kecamatan` (`kode_kecamatan`, `id_kabupaten`, `nama_kecamatan`, `jumlah_penduduk`, `luas_wilayah`) VALUES (\'3301030\', \'1\', \'Majenang\', \'143101\', \'167\')')
 4 SYSTEMPATH\Database\BaseBuilder.php(2307): CodeIgniter\Database\BaseConnection->query('INSERT INTO `kecamatan` (`kode_kecamatan`, `id_kabupaten`, `nama_kecamatan`, `jumlah_penduduk`, `luas_wilayah`) VALUES (:kode_kecamatan:, :id_kabupaten:, :nama_kecamatan:, :jumlah_penduduk:, :luas_wilayah:)', [...], false)
 5 SYSTEMPATH\Model.php(326): CodeIgniter\Database\BaseBuilder->insert()
 6 SYSTEMPATH\BaseModel.php(802): CodeIgniter\Model->doInsert([...])
 7 SYSTEMPATH\Model.php(744): CodeIgniter\BaseModel->insert([...], true)
 8 APPPATH\Controllers\Kecamatan.php(63): CodeIgniter\Model->insert([...])
 9 SYSTEMPATH\CodeIgniter.php(941): App\Controllers\Kecamatan->simpan()
10 SYSTEMPATH\CodeIgniter.php(502): CodeIgniter\CodeIgniter->runController(Object(App\Controllers\Kecamatan))
11 SYSTEMPATH\CodeIgniter.php(361): CodeIgniter\CodeIgniter->handleRequest(null, Object(Config\Cache), false)
12 FCPATH\index.php(79): CodeIgniter\CodeIgniter->run()
ERROR - 2024-06-20 16:28:16 --> mysqli_sql_exception: Duplicate entry '20300688' for key 'PRIMARY' in C:\xampp\new XAMPP\htdocs\sig\system\Database\MySQLi\Connection.php:306
Stack trace:
#0 C:\xampp\new XAMPP\htdocs\sig\system\Database\MySQLi\Connection.php(306): mysqli->query('INSERT INTO `se...', 0)
#1 C:\xampp\new XAMPP\htdocs\sig\system\Database\BaseConnection.php(693): CodeIgniter\Database\MySQLi\Connection->execute('INSERT INTO `se...')
#2 C:\xampp\new XAMPP\htdocs\sig\system\Database\BaseConnection.php(607): CodeIgniter\Database\BaseConnection->simpleQuery('INSERT INTO `se...')
#3 C:\xampp\new XAMPP\htdocs\sig\system\Database\BaseBuilder.php(2307): CodeIgniter\Database\BaseConnection->query('INSERT INTO `se...', Array, false)
#4 C:\xampp\new XAMPP\htdocs\sig\system\Model.php(326): CodeIgniter\Database\BaseBuilder->insert()
#5 C:\xampp\new XAMPP\htdocs\sig\system\BaseModel.php(802): CodeIgniter\Model->doInsert(Array)
#6 C:\xampp\new XAMPP\htdocs\sig\system\Model.php(744): CodeIgniter\BaseModel->insert(Array, true)
#7 C:\xampp\new XAMPP\htdocs\sig\app\Controllers\Sekolah.php(82): CodeIgniter\Model->insert(Array)
#8 C:\xampp\new XAMPP\htdocs\sig\system\CodeIgniter.php(941): App\Controllers\Sekolah->simpan()
#9 C:\xampp\new XAMPP\htdocs\sig\system\CodeIgniter.php(502): CodeIgniter\CodeIgniter->runController(Object(App\Controllers\Sekolah))
#10 C:\xampp\new XAMPP\htdocs\sig\system\CodeIgniter.php(361): CodeIgniter\CodeIgniter->handleRequest(NULL, Object(Config\Cache), false)
#11 C:\xampp\new XAMPP\htdocs\sig\index.php(79): CodeIgniter\CodeIgniter->run()
#12 {main}
CRITICAL - 2024-06-20 16:28:16 --> CodeIgniter\Database\Exceptions\DatabaseException: Duplicate entry '20300688' for key 'PRIMARY'
in SYSTEMPATH\Database\BaseConnection.php on line 647.
 1 SYSTEMPATH\Database\BaseBuilder.php(2307): CodeIgniter\Database\BaseConnection->query('INSERT INTO `sekolah` (`npsn`, `kode_kecamatan`, `nama_sekolah`, `alamat_sekolah`, `status`, `jenjang_pendidikan`, `koordinat`) VALUES (:npsn:, :kode_kecamatan:, :nama_sekolah:, :alamat_sekolah:, :status:, :jenjang_pendidikan:, :koordinat:)', [...], false)
 2 SYSTEMPATH\Model.php(326): CodeIgniter\Database\BaseBuilder->insert()
 3 SYSTEMPATH\BaseModel.php(802): CodeIgniter\Model->doInsert([...])
 4 SYSTEMPATH\Model.php(744): CodeIgniter\BaseModel->insert([...], true)
 5 APPPATH\Controllers\Sekolah.php(82): CodeIgniter\Model->insert([...])
 6 SYSTEMPATH\CodeIgniter.php(941): App\Controllers\Sekolah->simpan()
 7 SYSTEMPATH\CodeIgniter.php(502): CodeIgniter\CodeIgniter->runController(Object(App\Controllers\Sekolah))
 8 SYSTEMPATH\CodeIgniter.php(361): CodeIgniter\CodeIgniter->handleRequest(null, Object(Config\Cache), false)
 9 FCPATH\index.php(79): CodeIgniter\CodeIgniter->run()
CRITICAL - 2024-06-20 16:28:16 --> [Caused by] CodeIgniter\Database\Exceptions\DatabaseException: Duplicate entry '20300688' for key 'PRIMARY'
in SYSTEMPATH\Database\MySQLi\Connection.php on line 311.
 1 SYSTEMPATH\Database\BaseConnection.php(693): CodeIgniter\Database\MySQLi\Connection->execute('INSERT INTO `sekolah` (`npsn`, `kode_kecamatan`, `nama_sekolah`, `alamat_sekolah`, `status`, `jenjang_pendidikan`, `koordinat`) VALUES (\'20300688\', \'30112\', \'SMK NUSA TARUNA 2 KAWUNGANTEN\', \'JL. RAYA BRINGKENG RT.01 RW.07 DUSUN NUSADADI\', \'SWASTA\', \'SMK\', \'-7.5905,108.9726\')')
 2 SYSTEMPATH\Database\BaseConnection.php(607): CodeIgniter\Database\BaseConnection->simpleQuery('INSERT INTO `sekolah` (`npsn`, `kode_kecamatan`, `nama_sekolah`, `alamat_sekolah`, `status`, `jenjang_pendidikan`, `koordinat`) VALUES (\'20300688\', \'30112\', \'SMK NUSA TARUNA 2 KAWUNGANTEN\', \'JL. RAYA BRINGKENG RT.01 RW.07 DUSUN NUSADADI\', \'SWASTA\', \'SMK\', \'-7.5905,108.9726\')')
 3 SYSTEMPATH\Database\BaseBuilder.php(2307): CodeIgniter\Database\BaseConnection->query('INSERT INTO `sekolah` (`npsn`, `kode_kecamatan`, `nama_sekolah`, `alamat_sekolah`, `status`, `jenjang_pendidikan`, `koordinat`) VALUES (:npsn:, :kode_kecamatan:, :nama_sekolah:, :alamat_sekolah:, :status:, :jenjang_pendidikan:, :koordinat:)', [...], false)
 4 SYSTEMPATH\Model.php(326): CodeIgniter\Database\BaseBuilder->insert()
 5 SYSTEMPATH\BaseModel.php(802): CodeIgniter\Model->doInsert([...])
 6 SYSTEMPATH\Model.php(744): CodeIgniter\BaseModel->insert([...], true)
 7 APPPATH\Controllers\Sekolah.php(82): CodeIgniter\Model->insert([...])
 8 SYSTEMPATH\CodeIgniter.php(941): App\Controllers\Sekolah->simpan()
 9 SYSTEMPATH\CodeIgniter.php(502): CodeIgniter\CodeIgniter->runController(Object(App\Controllers\Sekolah))
10 SYSTEMPATH\CodeIgniter.php(361): CodeIgniter\CodeIgniter->handleRequest(null, Object(Config\Cache), false)
11 FCPATH\index.php(79): CodeIgniter\CodeIgniter->run()
CRITICAL - 2024-06-20 16:28:16 --> [Caused by] mysqli_sql_exception: Duplicate entry '20300688' for key 'PRIMARY'
in SYSTEMPATH\Database\MySQLi\Connection.php on line 306.
 1 SYSTEMPATH\Database\MySQLi\Connection.php(306): mysqli->query('INSERT INTO `sekolah` (`npsn`, `kode_kecamatan`, `nama_sekolah`, `alamat_sekolah`, `status`, `jenjang_pendidikan`, `koordinat`) VALUES (\'20300688\', \'30112\', \'SMK NUSA TARUNA 2 KAWUNGANTEN\', \'JL. RAYA BRINGKENG RT.01 RW.07 DUSUN NUSADADI\', \'SWASTA\', \'SMK\', \'-7.5905,108.9726\')', 0)
 2 SYSTEMPATH\Database\BaseConnection.php(693): CodeIgniter\Database\MySQLi\Connection->execute('INSERT INTO `sekolah` (`npsn`, `kode_kecamatan`, `nama_sekolah`, `alamat_sekolah`, `status`, `jenjang_pendidikan`, `koordinat`) VALUES (\'20300688\', \'30112\', \'SMK NUSA TARUNA 2 KAWUNGANTEN\', \'JL. RAYA BRINGKENG RT.01 RW.07 DUSUN NUSADADI\', \'SWASTA\', \'SMK\', \'-7.5905,108.9726\')')
 3 SYSTEMPATH\Database\BaseConnection.php(607): CodeIgniter\Database\BaseConnection->simpleQuery('INSERT INTO `sekolah` (`npsn`, `kode_kecamatan`, `nama_sekolah`, `alamat_sekolah`, `status`, `jenjang_pendidikan`, `koordinat`) VALUES (\'20300688\', \'30112\', \'SMK NUSA TARUNA 2 KAWUNGANTEN\', \'JL. RAYA BRINGKENG RT.01 RW.07 DUSUN NUSADADI\', \'SWASTA\', \'SMK\', \'-7.5905,108.9726\')')
 4 SYSTEMPATH\Database\BaseBuilder.php(2307): CodeIgniter\Database\BaseConnection->query('INSERT INTO `sekolah` (`npsn`, `kode_kecamatan`, `nama_sekolah`, `alamat_sekolah`, `status`, `jenjang_pendidikan`, `koordinat`) VALUES (:npsn:, :kode_kecamatan:, :nama_sekolah:, :alamat_sekolah:, :status:, :jenjang_pendidikan:, :koordinat:)', [...], false)
 5 SYSTEMPATH\Model.php(326): CodeIgniter\Database\BaseBuilder->insert()
 6 SYSTEMPATH\BaseModel.php(802): CodeIgniter\Model->doInsert([...])
 7 SYSTEMPATH\Model.php(744): CodeIgniter\BaseModel->insert([...], true)
 8 APPPATH\Controllers\Sekolah.php(82): CodeIgniter\Model->insert([...])
 9 SYSTEMPATH\CodeIgniter.php(941): App\Controllers\Sekolah->simpan()
10 SYSTEMPATH\CodeIgniter.php(502): CodeIgniter\CodeIgniter->runController(Object(App\Controllers\Sekolah))
11 SYSTEMPATH\CodeIgniter.php(361): CodeIgniter\CodeIgniter->handleRequest(null, Object(Config\Cache), false)
12 FCPATH\index.php(79): CodeIgniter\CodeIgniter->run()
ERROR - 2024-06-20 16:29:13 --> mysqli_sql_exception: Duplicate entry '20300688' for key 'PRIMARY' in C:\xampp\new XAMPP\htdocs\sig\system\Database\MySQLi\Connection.php:306
Stack trace:
#0 C:\xampp\new XAMPP\htdocs\sig\system\Database\MySQLi\Connection.php(306): mysqli->query('INSERT INTO `se...', 0)
#1 C:\xampp\new XAMPP\htdocs\sig\system\Database\BaseConnection.php(693): CodeIgniter\Database\MySQLi\Connection->execute('INSERT INTO `se...')
#2 C:\xampp\new XAMPP\htdocs\sig\system\Database\BaseConnection.php(607): CodeIgniter\Database\BaseConnection->simpleQuery('INSERT INTO `se...')
#3 C:\xampp\new XAMPP\htdocs\sig\system\Database\BaseBuilder.php(2307): CodeIgniter\Database\BaseConnection->query('INSERT INTO `se...', Array, false)
#4 C:\xampp\new XAMPP\htdocs\sig\system\Model.php(326): CodeIgniter\Database\BaseBuilder->insert()
#5 C:\xampp\new XAMPP\htdocs\sig\system\BaseModel.php(802): CodeIgniter\Model->doInsert(Array)
#6 C:\xampp\new XAMPP\htdocs\sig\system\Model.php(744): CodeIgniter\BaseModel->insert(Array, true)
#7 C:\xampp\new XAMPP\htdocs\sig\app\Controllers\Sekolah.php(82): CodeIgniter\Model->insert(Array)
#8 C:\xampp\new XAMPP\htdocs\sig\system\CodeIgniter.php(941): App\Controllers\Sekolah->simpan()
#9 C:\xampp\new XAMPP\htdocs\sig\system\CodeIgniter.php(502): CodeIgniter\CodeIgniter->runController(Object(App\Controllers\Sekolah))
#10 C:\xampp\new XAMPP\htdocs\sig\system\CodeIgniter.php(361): CodeIgniter\CodeIgniter->handleRequest(NULL, Object(Config\Cache), false)
#11 C:\xampp\new XAMPP\htdocs\sig\index.php(79): CodeIgniter\CodeIgniter->run()
#12 {main}
CRITICAL - 2024-06-20 16:29:13 --> CodeIgniter\Database\Exceptions\DatabaseException: Duplicate entry '20300688' for key 'PRIMARY'
in SYSTEMPATH\Database\BaseConnection.php on line 647.
 1 SYSTEMPATH\Database\BaseBuilder.php(2307): CodeIgniter\Database\BaseConnection->query('INSERT INTO `sekolah` (`npsn`, `kode_kecamatan`, `nama_sekolah`, `alamat_sekolah`, `status`, `jenjang_pendidikan`, `koordinat`) VALUES (:npsn:, :kode_kecamatan:, :nama_sekolah:, :alamat_sekolah:, :status:, :jenjang_pendidikan:, :koordinat:)', [...], false)
 2 SYSTEMPATH\Model.php(326): CodeIgniter\Database\BaseBuilder->insert()
 3 SYSTEMPATH\BaseModel.php(802): CodeIgniter\Model->doInsert([...])
 4 SYSTEMPATH\Model.php(744): CodeIgniter\BaseModel->insert([...], true)
 5 APPPATH\Controllers\Sekolah.php(82): CodeIgniter\Model->insert([...])
 6 SYSTEMPATH\CodeIgniter.php(941): App\Controllers\Sekolah->simpan()
 7 SYSTEMPATH\CodeIgniter.php(502): CodeIgniter\CodeIgniter->runController(Object(App\Controllers\Sekolah))
 8 SYSTEMPATH\CodeIgniter.php(361): CodeIgniter\CodeIgniter->handleRequest(null, Object(Config\Cache), false)
 9 FCPATH\index.php(79): CodeIgniter\CodeIgniter->run()
CRITICAL - 2024-06-20 16:29:13 --> [Caused by] CodeIgniter\Database\Exceptions\DatabaseException: Duplicate entry '20300688' for key 'PRIMARY'
in SYSTEMPATH\Database\MySQLi\Connection.php on line 311.
 1 SYSTEMPATH\Database\BaseConnection.php(693): CodeIgniter\Database\MySQLi\Connection->execute('INSERT INTO `sekolah` (`npsn`, `kode_kecamatan`, `nama_sekolah`, `alamat_sekolah`, `status`, `jenjang_pendidikan`, `koordinat`) VALUES (\'20300688\', \'30112\', \'SMK NUSA TARUNA 2 KAWUNGANTEN\', \'JL. RAYA BRINGKENG RT.01 RW.07 DUSUN NUSADADI\', \'SWASTA\', \'SMK\', \'-7.5905,108.9726\')')
 2 SYSTEMPATH\Database\BaseConnection.php(607): CodeIgniter\Database\BaseConnection->simpleQuery('INSERT INTO `sekolah` (`npsn`, `kode_kecamatan`, `nama_sekolah`, `alamat_sekolah`, `status`, `jenjang_pendidikan`, `koordinat`) VALUES (\'20300688\', \'30112\', \'SMK NUSA TARUNA 2 KAWUNGANTEN\', \'JL. RAYA BRINGKENG RT.01 RW.07 DUSUN NUSADADI\', \'SWASTA\', \'SMK\', \'-7.5905,108.9726\')')
 3 SYSTEMPATH\Database\BaseBuilder.php(2307): CodeIgniter\Database\BaseConnection->query('INSERT INTO `sekolah` (`npsn`, `kode_kecamatan`, `nama_sekolah`, `alamat_sekolah`, `status`, `jenjang_pendidikan`, `koordinat`) VALUES (:npsn:, :kode_kecamatan:, :nama_sekolah:, :alamat_sekolah:, :status:, :jenjang_pendidikan:, :koordinat:)', [...], false)
 4 SYSTEMPATH\Model.php(326): CodeIgniter\Database\BaseBuilder->insert()
 5 SYSTEMPATH\BaseModel.php(802): CodeIgniter\Model->doInsert([...])
 6 SYSTEMPATH\Model.php(744): CodeIgniter\BaseModel->insert([...], true)
 7 APPPATH\Controllers\Sekolah.php(82): CodeIgniter\Model->insert([...])
 8 SYSTEMPATH\CodeIgniter.php(941): App\Controllers\Sekolah->simpan()
 9 SYSTEMPATH\CodeIgniter.php(502): CodeIgniter\CodeIgniter->runController(Object(App\Controllers\Sekolah))
10 SYSTEMPATH\CodeIgniter.php(361): CodeIgniter\CodeIgniter->handleRequest(null, Object(Config\Cache), false)
11 FCPATH\index.php(79): CodeIgniter\CodeIgniter->run()
CRITICAL - 2024-06-20 16:29:13 --> [Caused by] mysqli_sql_exception: Duplicate entry '20300688' for key 'PRIMARY'
in SYSTEMPATH\Database\MySQLi\Connection.php on line 306.
 1 SYSTEMPATH\Database\MySQLi\Connection.php(306): mysqli->query('INSERT INTO `sekolah` (`npsn`, `kode_kecamatan`, `nama_sekolah`, `alamat_sekolah`, `status`, `jenjang_pendidikan`, `koordinat`) VALUES (\'20300688\', \'30112\', \'SMK NUSA TARUNA 2 KAWUNGANTEN\', \'JL. RAYA BRINGKENG RT.01 RW.07 DUSUN NUSADADI\', \'SWASTA\', \'SMK\', \'-7.5905,108.9726\')', 0)
 2 SYSTEMPATH\Database\BaseConnection.php(693): CodeIgniter\Database\MySQLi\Connection->execute('INSERT INTO `sekolah` (`npsn`, `kode_kecamatan`, `nama_sekolah`, `alamat_sekolah`, `status`, `jenjang_pendidikan`, `koordinat`) VALUES (\'20300688\', \'30112\', \'SMK NUSA TARUNA 2 KAWUNGANTEN\', \'JL. RAYA BRINGKENG RT.01 RW.07 DUSUN NUSADADI\', \'SWASTA\', \'SMK\', \'-7.5905,108.9726\')')
 3 SYSTEMPATH\Database\BaseConnection.php(607): CodeIgniter\Database\BaseConnection->simpleQuery('INSERT INTO `sekolah` (`npsn`, `kode_kecamatan`, `nama_sekolah`, `alamat_sekolah`, `status`, `jenjang_pendidikan`, `koordinat`) VALUES (\'20300688\', \'30112\', \'SMK NUSA TARUNA 2 KAWUNGANTEN\', \'JL. RAYA BRINGKENG RT.01 RW.07 DUSUN NUSADADI\', \'SWASTA\', \'SMK\', \'-7.5905,108.9726\')')
 4 SYSTEMPATH\Database\BaseBuilder.php(2307): CodeIgniter\Database\BaseConnection->query('INSERT INTO `sekolah` (`npsn`, `kode_kecamatan`, `nama_sekolah`, `alamat_sekolah`, `status`, `jenjang_pendidikan`, `koordinat`) VALUES (:npsn:, :kode_kecamatan:, :nama_sekolah:, :alamat_sekolah:, :status:, :jenjang_pendidikan:, :koordinat:)', [...], false)
 5 SYSTEMPATH\Model.php(326): CodeIgniter\Database\BaseBuilder->insert()
 6 SYSTEMPATH\BaseModel.php(802): CodeIgniter\Model->doInsert([...])
 7 SYSTEMPATH\Model.php(744): CodeIgniter\BaseModel->insert([...], true)
 8 APPPATH\Controllers\Sekolah.php(82): CodeIgniter\Model->insert([...])
 9 SYSTEMPATH\CodeIgniter.php(941): App\Controllers\Sekolah->simpan()
10 SYSTEMPATH\CodeIgniter.php(502): CodeIgniter\CodeIgniter->runController(Object(App\Controllers\Sekolah))
11 SYSTEMPATH\CodeIgniter.php(361): CodeIgniter\CodeIgniter->handleRequest(null, Object(Config\Cache), false)
12 FCPATH\index.php(79): CodeIgniter\CodeIgniter->run()
